<?xml version="1.0" encoding="UTF-8"?>
<testng-results skipped="0" failed="0" ignored="0" total="0" passed="0">
  <reporter-output>
  </reporter-output>
  <suite name="Surefire suite" duration-ms="75715" started-at="2024-11-16T18:41:40 GMT" finished-at="2024-11-16T18:42:56 GMT">
    <groups>
    </groups>
    <test name="Surefire test" duration-ms="75715" started-at="2024-11-16T18:41:40 GMT" finished-at="2024-11-16T18:42:56 GMT">
    </test> <!-- Surefire test -->
  </suite> <!-- Surefire suite -->
</testng-results>
